<?xml version="1.0" encoding="UTF-8"?>
<testsuite name="GameTest" tests="1" skipped="0" failures="0" errors="0" timestamp="2016-04-28T22:57:59" hostname="epicodus-49.local" time="0.001">
  <properties/>
  <testcase name="gameTurn_matchCard_String" classname="GameTest" time="0.001"/>
  <system-out><![CDATA[86]]></system-out>
  <system-err><![CDATA[]]></system-err>
</testsuite>
